<?xml version="1.0" encoding="UTF-8"?>
<!-- Generated by org.testng.reporters.JUnitReportReporter -->
<testsuite hostname="EPUALVIW0A51" failures="0" tests="1" name="com.sourcescrub.dev.LoginTestOne" time="12.610" errors="0" timestamp="2022-01-25T18:05:35 EET" skipped="0">
  <testcase classname="com.sourcescrub.dev.LoginTestOne" name="loginTestPositive" time="12.610"/>
  <system-out/>
</testsuite> <!-- com.sourcescrub.dev.LoginTestOne -->
