<?xml version="1.0" encoding="UTF-8"?>
<!-- Generated by org.testng.reporters.JUnitReportReporter -->
<testsuite hostname="users-Mac-mini.local" failures="0" tests="3" name="com.sourcescrub.dev.SSlogin" time="5.964" errors="0" timestamp="2020-11-18T22:16:58 EET" skipped="0">
  <testcase classname="com.sourcescrub.dev.SSlogin" name="LogintoIdentity" time="1.356"/>
  <system-out/>
  <testcase classname="com.sourcescrub.dev.SSlogin" name="LogintoSS" time="4.606"/>
  <system-out/>
  <testcase classname="com.sourcescrub.dev.SSlogin" name="FirmLinkTest" time="0.002"/>
  <system-out/>
</testsuite> <!-- com.sourcescrub.dev.SSlogin -->
