<?xml version="1.0" encoding="UTF-8"?>
<!-- Generated by org.testng.reporters.JUnitReportReporter -->
<testsuite hostname="EPUALVIW0A51" failures="0" tests="1" name="com.sourcescrub.dev.NegativLoginTests" time="4.704" errors="0" timestamp="2022-01-25T18:10:16 EET" skipped="0">
  <testcase classname="com.sourcescrub.dev.NegativLoginTests" name="negativeLogIn" time="4.704"/>
  <system-out/>
</testsuite> <!-- com.sourcescrub.dev.NegativLoginTests -->
