<?xml version="1.0" encoding="UTF-8"?>
<!-- Generated by org.testng.reporters.JUnitReportReporter -->
<testsuite hostname="users-Mac-mini.local" failures="0" tests="4" name="com.sourcescrub.dev.SSloginTest1" time="11.426" errors="0" timestamp="2020-11-23T23:23:03 EET" skipped="0">
  <testcase classname="com.sourcescrub.dev.SSloginTest1" name="LogintoIdentity" time="1.296"/>
  <system-out/>
  <testcase classname="com.sourcescrub.dev.SSloginTest1" name="LogintoSS" time="8.499"/>
  <system-out/>
  <testcase classname="com.sourcescrub.dev.SSloginTest1" name="FirmLinkTest" time="0.032"/>
  <system-out/>
  <testcase classname="com.sourcescrub.dev.SSloginTest1" name="UserMenuTest" time="1.599"/>
  <system-out/>
</testsuite> <!-- com.sourcescrub.dev.SSloginTest1 -->
