<?xml version="1.0" encoding="UTF-8"?>
<!-- Generated by org.testng.reporters.JUnitReportReporter -->
<testsuite hostname="users-Mac-mini.local" failures="0" tests="3" name="com.sourcescrub.dev.HeaderNavigationTest" time="11.688" errors="0" timestamp="2020-11-24T21:35:37 EET" skipped="0">
  <testcase classname="com.sourcescrub.dev.HeaderNavigationTest" name="LogintoIdentity" time="1.263"/>
  <system-out/>
  <testcase classname="com.sourcescrub.dev.HeaderNavigationTest" name="LogintoSS" time="8.448"/>
  <system-out/>
  <testcase classname="com.sourcescrub.dev.HeaderNavigationTest" name="MyDashboard" time="1.977"/>
  <system-out/>
</testsuite> <!-- com.sourcescrub.dev.HeaderNavigationTest -->
