<?xml version="1.0" encoding="UTF-8"?>
<!-- Generated by org.testng.reporters.JUnitReportReporter -->
<testsuite hostname="users-Mac-mini.local" failures="0" tests="1" name="com.sourcescrub.dev.FirsBaseTest" time="5.040" errors="0" timestamp="2020-11-19T23:28:44 EET" skipped="0">
  <testcase classname="com.sourcescrub.dev.FirsBaseTest" name="LogintoIdentity" time="5.040"/>
  <system-out/>
</testsuite> <!-- com.sourcescrub.dev.FirsBaseTest -->
