<?xml version="1.0" encoding="UTF-8"?>
<!-- Generated by org.testng.reporters.JUnitReportReporter -->
<testsuite hostname="users-Mac-mini.local" failures="0" tests="3" name="com.sourcescrub.dev.HeaderNavigation" time="12.563" errors="0" timestamp="2020-11-19T23:01:37 EET" skipped="0">
  <testcase classname="com.sourcescrub.dev.HeaderNavigation" name="LogintoIdentity" time="1.525"/>
  <system-out/>
  <testcase classname="com.sourcescrub.dev.HeaderNavigation" name="LogintoSS" time="9.059"/>
  <system-out/>
  <testcase classname="com.sourcescrub.dev.HeaderNavigation" name="MyDashboard" time="1.979"/>
  <system-out/>
</testsuite> <!-- com.sourcescrub.dev.HeaderNavigation -->
